[debug] [2022-11-30T16:30:16.515Z] ----------------------------------------------------------------------
[debug] [2022-11-30T16:30:16.518Z] Command:       C:\Program Files\nodejs\node.exe C:\Users\soumi\AppData\Roaming\npm\node_modules\firebase-tools\lib\bin\firebase.js deploy
[debug] [2022-11-30T16:30:16.519Z] CLI Version:   11.16.1
[debug] [2022-11-30T16:30:16.520Z] Platform:      win32
[debug] [2022-11-30T16:30:16.520Z] Node Version:  v16.15.1
[debug] [2022-11-30T16:30:16.526Z] Time:          Wed Nov 30 2022 22:30:16 GMT+0600 (Bangladesh Standard Time)
[debug] [2022-11-30T16:30:16.527Z] ----------------------------------------------------------------------
[debug] 
[debug] [2022-11-30T16:30:16.645Z] > command requires scopes: ["email","openid","https://www.googleapis.com/auth/cloudplatformprojects.readonly","https://www.googleapis.com/auth/firebase","https://www.googleapis.com/auth/cloud-platform"]
[debug] [2022-11-30T16:30:16.646Z] > authorizing via signed-in user (soumiq444@gmail.com)
[debug] [2022-11-30T16:30:16.646Z] [iam] checking project final-2fb5a for permissions ["firebase.projects.get","firebasehosting.sites.update"]
[debug] [2022-11-30T16:30:16.650Z] >>> [apiv2][query] POST https://cloudresourcemanager.googleapis.com/v1/projects/final-2fb5a:testIamPermissions [none]
[debug] [2022-11-30T16:30:16.650Z] >>> [apiv2][(partial)header] POST https://cloudresourcemanager.googleapis.com/v1/projects/final-2fb5a:testIamPermissions x-goog-quota-user=projects/final-2fb5a
[debug] [2022-11-30T16:30:16.651Z] >>> [apiv2][body] POST https://cloudresourcemanager.googleapis.com/v1/projects/final-2fb5a:testIamPermissions {"permissions":["firebase.projects.get","firebasehosting.sites.update"]}
[debug] [2022-11-30T16:30:19.681Z] <<< [apiv2][status] POST https://cloudresourcemanager.googleapis.com/v1/projects/final-2fb5a:testIamPermissions 401
[debug] [2022-11-30T16:30:19.681Z] <<< [apiv2][body] POST https://cloudresourcemanager.googleapis.com/v1/projects/final-2fb5a:testIamPermissions {"error":{"code":401,"message":"Request had invalid authentication credentials. Expected OAuth 2 access token, login cookie or other valid authentication credential. See https://developers.google.com/identity/sign-in/web/devconsole-project.","status":"UNAUTHENTICATED","details":[{"@type":"type.googleapis.com/google.rpc.ErrorInfo","reason":"ACCESS_TOKEN_TYPE_UNSUPPORTED","metadata":{"service":"cloudresourcemanager.googleapis.com","method":"google.cloudresourcemanager.v1.Projects.TestIamPermissions"}}]}}
[debug] [2022-11-30T16:30:19.683Z] [iam] error while checking permissions, command may fail: FirebaseError: HTTP Error: 401, Request had invalid authentication credentials. Expected OAuth 2 access token, login cookie or other valid authentication credential. See https://developers.google.com/identity/sign-in/web/devconsole-project.
[debug] [2022-11-30T16:30:19.684Z] >>> [apiv2][query] GET https://firebase.googleapis.com/v1beta1/projects/final-2fb5a [none]
[debug] [2022-11-30T16:30:20.083Z] <<< [apiv2][status] GET https://firebase.googleapis.com/v1beta1/projects/final-2fb5a 401
[debug] [2022-11-30T16:30:20.083Z] <<< [apiv2][body] GET https://firebase.googleapis.com/v1beta1/projects/final-2fb5a {"error":{"code":401,"message":"Request had invalid authentication credentials. Expected OAuth 2 access token, login cookie or other valid authentication credential. See https://developers.google.com/identity/sign-in/web/devconsole-project.","status":"UNAUTHENTICATED"}}
[debug] [2022-11-30T16:30:20.084Z] HTTP Error: 401, Request had invalid authentication credentials. Expected OAuth 2 access token, login cookie or other valid authentication credential. See https://developers.google.com/identity/sign-in/web/devconsole-project.
[debug] [2022-11-30T16:30:20.367Z] FirebaseError: HTTP Error: 401, Request had invalid authentication credentials. Expected OAuth 2 access token, login cookie or other valid authentication credential. See https://developers.google.com/identity/sign-in/web/devconsole-project.
    at responseToError (C:\Users\soumi\AppData\Roaming\npm\node_modules\firebase-tools\lib\responseToError.js:49:12)
    at RetryOperation._fn (C:\Users\soumi\AppData\Roaming\npm\node_modules\firebase-tools\lib\apiv2.js:288:77)
    at processTicksAndRejections (node:internal/process/task_queues:96:5)
[error] 
[error] Error: Failed to get Firebase project final-2fb5a. Please make sure the project exists and your account has permission to access it.
